TN:
SF:src\hooks\useQuiz.ts
FN:15,(anonymous_0)
FN:21,(anonymous_1)
FN:31,(anonymous_2)
FN:32,(anonymous_3)
FN:35,(anonymous_4)
FN:71,(anonymous_5)
FN:74,(anonymous_6)
FN:75,(anonymous_7)
FN:85,(anonymous_8)
FN:107,(anonymous_9)
FN:141,(anonymous_10)
FN:152,(anonymous_11)
FN:162,(anonymous_12)
FN:163,(anonymous_13)
FN:191,(anonymous_14)
FN:208,(anonymous_15)
FN:213,(anonymous_16)
FN:214,(anonymous_17)
FN:217,(anonymous_18)
FN:220,(anonymous_19)
FN:221,(anonymous_20)
FN:228,(anonymous_21)
FN:247,(anonymous_22)
FN:301,(anonymous_23)
FN:310,(anonymous_24)
FN:311,(anonymous_25)
FN:333,(anonymous_26)
FN:344,(anonymous_27)
FN:350,(anonymous_28)
FN:362,(anonymous_29)
FN:389,(anonymous_30)
FN:401,(anonymous_31)
FN:409,(anonymous_32)
FN:423,(anonymous_33)
FN:429,(anonymous_34)
FN:435,(anonymous_35)
FN:441,(anonymous_36)
FN:447,(anonymous_37)
FN:455,(anonymous_38)
FN:462,(anonymous_39)
FN:466,(anonymous_40)
FN:471,(anonymous_41)
FN:500,(anonymous_42)
FN:510,(anonymous_43)
FN:510,(anonymous_44)
FN:514,(anonymous_45)
FN:520,(anonymous_46)
FN:533,(anonymous_47)
FN:556,(anonymous_48)
FN:572,(anonymous_49)
FNF:50
FNH:48
FNDA:237,(anonymous_0)
FNDA:24,(anonymous_1)
FNDA:227,(anonymous_2)
FNDA:15,(anonymous_3)
FNDA:15,(anonymous_4)
FNDA:681,(anonymous_5)
FNDA:9,(anonymous_6)
FNDA:9,(anonymous_7)
FNDA:10,(anonymous_8)
FNDA:9,(anonymous_9)
FNDA:27,(anonymous_10)
FNDA:26,(anonymous_11)
FNDA:64,(anonymous_12)
FNDA:320,(anonymous_13)
FNDA:52,(anonymous_14)
FNDA:25,(anonymous_15)
FNDA:50,(anonymous_16)
FNDA:25,(anonymous_17)
FNDA:25,(anonymous_18)
FNDA:25,(anonymous_19)
FNDA:0,(anonymous_20)
FNDA:75,(anonymous_21)
FNDA:25,(anonymous_22)
FNDA:26,(anonymous_23)
FNDA:52,(anonymous_24)
FNDA:26,(anonymous_25)
FNDA:26,(anonymous_26)
FNDA:26,(anonymous_27)
FNDA:78,(anonymous_28)
FNDA:0,(anonymous_29)
FNDA:51,(anonymous_30)
FNDA:92,(anonymous_31)
FNDA:92,(anonymous_32)
FNDA:43,(anonymous_33)
FNDA:42,(anonymous_34)
FNDA:40,(anonymous_35)
FNDA:41,(anonymous_36)
FNDA:42,(anonymous_37)
FNDA:40,(anonymous_38)
FNDA:40,(anonymous_39)
FNDA:40,(anonymous_40)
FNDA:40,(anonymous_41)
FNDA:3,(anonymous_42)
FNDA:25,(anonymous_43)
FNDA:22,(anonymous_44)
FNDA:24,(anonymous_45)
FNDA:24,(anonymous_46)
FNDA:1,(anonymous_47)
FNDA:6,(anonymous_48)
FNDA:33,(anonymous_49)
DA:13,1
DA:15,237
DA:21,1
DA:22,24
DA:23,0
DA:25,24
DA:26,24
DA:28,0
DA:31,1
DA:32,227
DA:34,227
DA:35,227
DA:36,15
DA:37,15
DA:39,227
DA:44,227
DA:45,227
DA:46,227
DA:47,227
DA:48,227
DA:51,227
DA:58,227
DA:65,227
DA:68,227
DA:69,227
DA:71,681
DA:74,227
DA:75,9
DA:76,9
DA:77,0
DA:79,9
DA:80,9
DA:84,227
DA:86,10
DA:87,0
DA:89,10
DA:90,10
DA:92,10
DA:93,100
DA:94,100
DA:95,100
DA:96,0
DA:98,100
DA:101,10
DA:106,227
DA:112,9
DA:113,8
DA:115,9
DA:116,9
DA:117,9
DA:118,9
DA:119,9
DA:120,9
DA:121,9
DA:122,9
DA:127,9
DA:132,9
DA:133,9
DA:134,9
DA:140,227
DA:142,27
DA:144,27
DA:145,1
DA:146,1
DA:147,1
DA:149,26
DA:150,26
DA:151,26
DA:152,26
DA:157,27
DA:162,227
DA:163,64
DA:164,320
DA:165,70
DA:166,70
DA:172,250
DA:173,63
DA:179,187
DA:183,227
DA:184,227
DA:190,227
DA:192,52
DA:193,0
DA:194,0
DA:197,52
DA:198,52
DA:199,24
DA:200,24
DA:202,28
DA:207,227
DA:209,25
DA:210,25
DA:212,25
DA:213,50
DA:214,25
DA:217,25
DA:219,25
DA:220,25
DA:221,25
DA:222,25
DA:226,25
DA:228,25
DA:229,75
DA:237,25
DA:238,25
DA:246,25
DA:247,25
DA:250,25
DA:251,25
DA:252,25
DA:253,25
DA:256,25
DA:257,25
DA:258,25
DA:259,25
DA:260,25
DA:261,25
DA:263,25
DA:267,25
DA:268,0
DA:269,0
DA:278,25
DA:280,0
DA:281,0
DA:282,0
DA:284,0
DA:288,25
DA:295,25
DA:300,227
DA:305,26
DA:309,26
DA:310,52
DA:311,26
DA:314,26
DA:317,26
DA:318,26
DA:320,26
DA:321,26
DA:323,26
DA:324,26
DA:325,26
DA:326,26
DA:327,26
DA:331,26
DA:332,26
DA:333,26
DA:335,26
DA:336,26
DA:337,52
DA:338,52
DA:339,52
DA:343,26
DA:344,26
DA:350,78
DA:358,26
DA:360,0
DA:362,0
DA:363,0
DA:364,0
DA:365,0
DA:366,0
DA:372,0
DA:376,26
DA:377,26
DA:378,26
DA:380,0
DA:381,0
DA:383,0
DA:388,227
DA:393,51
DA:394,25
DA:396,26
DA:401,227
DA:402,92
DA:403,92
DA:404,41
DA:406,51
DA:409,227
DA:410,92
DA:411,41
DA:412,41
DA:413,41
DA:414,41
DA:417,51
DA:418,51
DA:419,51
DA:422,227
DA:425,43
DA:426,1
DA:429,42
DA:434,227
DA:436,40
DA:437,0
DA:440,40
DA:441,41
DA:442,40
DA:447,227
DA:448,42
DA:449,2
DA:451,40
DA:452,40
DA:453,40
DA:455,40
DA:462,40
DA:466,40
DA:471,40
DA:476,40
DA:477,40
DA:478,40
DA:480,40
DA:481,1
DA:482,39
DA:483,29
DA:488,10
DA:500,227
DA:501,3
DA:502,1
DA:505,2
DA:506,3
DA:509,227
DA:510,25
DA:514,227
DA:515,24
DA:516,9
DA:517,9
DA:520,227
DA:521,24
DA:522,2
DA:524,22
DA:525,2
DA:527,20
DA:528,5
DA:530,15
DA:533,227
DA:534,1
DA:535,1
DA:536,1
DA:537,1
DA:538,1
DA:539,1
DA:540,1
DA:541,1
DA:546,1
DA:551,1
DA:552,1
DA:553,1
DA:556,227
DA:557,6
DA:558,1
DA:560,5
DA:561,2
DA:563,3
DA:564,1
DA:566,2
DA:567,1
DA:569,1
DA:572,227
DA:573,33
DA:575,33
DA:576,24
DA:577,9
DA:578,8
DA:582,1
DA:583,1
DA:584,1
DA:585,1
DA:594,227
LF:267
LH:243
BRDA:22,0,0,0
BRDA:22,0,1,24
BRDA:25,1,0,24
BRDA:25,1,1,0
BRDA:71,2,0,227
BRDA:71,2,1,0
BRDA:76,3,0,0
BRDA:76,3,1,9
BRDA:86,4,0,0
BRDA:86,4,1,10
BRDA:92,5,0,10
BRDA:92,5,1,110
BRDA:95,6,0,0
BRDA:95,6,1,100
BRDA:101,7,0,10
BRDA:101,7,1,10
BRDA:101,7,2,0
BRDA:112,8,0,8
BRDA:112,8,1,1
BRDA:115,9,0,9
BRDA:115,9,1,9
BRDA:133,10,0,9
BRDA:133,10,1,0
BRDA:144,11,0,1
BRDA:144,11,1,26
BRDA:147,12,0,1
BRDA:147,12,1,0
BRDA:164,13,0,70
BRDA:164,13,1,250
BRDA:172,14,0,63
BRDA:172,14,1,187
BRDA:184,15,0,105
BRDA:184,15,1,122
BRDA:186,16,0,64
BRDA:186,16,1,58
BRDA:192,17,0,0
BRDA:192,17,1,52
BRDA:194,18,0,0
BRDA:194,18,1,0
BRDA:197,19,0,28
BRDA:197,19,1,24
BRDA:198,20,0,24
BRDA:198,20,1,28
BRDA:200,21,0,24
BRDA:200,21,1,0
BRDA:202,22,0,28
BRDA:202,22,1,0
BRDA:213,23,0,50
BRDA:213,23,1,25
BRDA:221,24,0,25
BRDA:221,24,1,0
BRDA:237,25,0,25
BRDA:237,25,1,0
BRDA:237,26,0,25
BRDA:237,26,1,25
BRDA:250,27,0,25
BRDA:250,27,1,50
BRDA:256,28,0,25
BRDA:256,28,1,0
BRDA:256,29,0,25
BRDA:256,29,1,25
BRDA:258,30,0,25
BRDA:258,30,1,25
BRDA:260,31,0,25
BRDA:260,31,1,0
BRDA:267,32,0,0
BRDA:267,32,1,25
BRDA:267,33,0,25
BRDA:267,33,1,0
BRDA:267,33,2,0
BRDA:281,34,0,0
BRDA:281,34,1,0
BRDA:317,35,0,0
BRDA:317,35,1,26
BRDA:323,36,0,26
BRDA:323,36,1,52
BRDA:326,37,0,26
BRDA:326,37,1,0
BRDA:331,38,0,26
BRDA:331,38,1,0
BRDA:336,39,0,26
BRDA:336,39,1,52
BRDA:358,40,0,0
BRDA:358,40,1,26
BRDA:360,41,0,0
BRDA:360,41,1,0
BRDA:364,42,0,0
BRDA:364,42,1,0
BRDA:377,43,0,26
BRDA:377,43,1,0
BRDA:380,44,0,0
BRDA:380,44,1,0
BRDA:393,45,0,25
BRDA:393,45,1,26
BRDA:403,46,0,41
BRDA:403,46,1,51
BRDA:403,47,0,92
BRDA:403,47,1,41
BRDA:410,48,0,41
BRDA:410,48,1,51
BRDA:411,49,0,41
BRDA:411,49,1,0
BRDA:425,50,0,1
BRDA:425,50,1,42
BRDA:429,51,0,1
BRDA:429,51,1,41
BRDA:436,52,0,0
BRDA:436,52,1,40
BRDA:442,53,0,40
BRDA:442,53,1,0
BRDA:448,54,0,2
BRDA:448,54,1,40
BRDA:448,55,0,42
BRDA:448,55,1,41
BRDA:459,56,0,39
BRDA:459,56,1,1
BRDA:464,57,0,39
BRDA:464,57,1,1
BRDA:480,58,0,1
BRDA:480,58,1,39
BRDA:480,59,0,40
BRDA:480,59,1,11
BRDA:482,60,0,29
BRDA:482,60,1,10
BRDA:482,61,0,39
BRDA:482,61,1,39
BRDA:501,62,0,1
BRDA:501,62,1,2
BRDA:505,63,0,1
BRDA:505,63,1,1
BRDA:506,64,0,1
BRDA:506,64,1,1
BRDA:515,65,0,15
BRDA:515,65,1,9
BRDA:521,66,0,2
BRDA:521,66,1,22
BRDA:524,67,0,2
BRDA:524,67,1,20
BRDA:527,68,0,5
BRDA:527,68,1,15
BRDA:557,69,0,1
BRDA:557,69,1,5
BRDA:560,70,0,2
BRDA:560,70,1,3
BRDA:563,71,0,1
BRDA:563,71,1,2
BRDA:566,72,0,1
BRDA:566,72,1,1
BRDA:573,73,0,0
BRDA:573,73,1,33
BRDA:575,74,0,24
BRDA:575,74,1,9
BRDA:577,75,0,8
BRDA:577,75,1,1
BRDA:582,76,0,1
BRDA:582,76,1,0
BRF:156
BRH:117
end_of_record
TN:
SF:src\utils\index.ts
FN:8,(anonymous_0)
FN:20,(anonymous_1)
FN:24,(anonymous_2)
FNF:3
FNH:3
FNDA:2,(anonymous_0)
FNDA:1,(anonymous_1)
FNDA:2,(anonymous_2)
DA:8,2
DA:9,2
DA:10,2
DA:11,5
DA:12,5
DA:14,2
DA:20,2
DA:21,1
DA:24,2
DA:25,2
LF:10
LH:10
BRF:0
BRH:0
end_of_record
